<?xml version="1.0" encoding="UTF-8"?>
<testng-results skipped="0" failed="0" ignored="0" total="0" passed="0">
  <reporter-output>
  </reporter-output>
  <suite name="my.test1.CalcTest" duration-ms="31" started-at="2021-08-12T12:16:23 MSK" finished-at="2021-08-12T12:16:23 MSK">
    <groups>
    </groups>
    <test name="Command line test" duration-ms="31" started-at="2021-08-12T12:16:23 MSK" finished-at="2021-08-12T12:16:23 MSK">
    </test> <!-- Command line test -->
  </suite> <!-- my.test1.CalcTest -->
</testng-results>
